orlis/open_source_benchmarks/apps/com.ds.avare_230_src.tar.gz/app/build/outputs/mapping/release/seeds.txt
com.ds.avare.AirportActivity
com.ds.avare.AirportActivity: AirportActivity()
com.ds.avare.AirportActivity: void onBackPressed()
com.ds.avare.AirportActivity: void onCreate(android.os.Bundle)
com.ds.avare.AirportActivity: boolean arePopupsShowing()
com.ds.avare.AirportActivity: void setupViewInfo()
com.ds.avare.AirportActivity: void addAirport(java.lang.String)
com.ds.avare.AirportActivity: void setViewFromPos(int)
com.ds.avare.AirportActivity: void setNewDestinationFromPos(int)
com.ds.avare.AirportActivity: void onPause()
com.ds.avare.AirportActivity: void onResume()
com.ds.avare.AirportActivity: void update(java.util.Observable,java.lang.Object)
com.ds.avare.AirportActivity: java.util.ArrayList access$000(com.ds.avare.AirportActivity)
com.ds.avare.AirportActivity: boolean access$100(com.ds.avare.AirportActivity)
com.ds.avare.AirportActivity: void access$200(com.ds.avare.AirportActivity,int)
com.ds.avare.AirportActivity: com.ds.avare.StorageService access$300(com.ds.avare.AirportActivity)
com.ds.avare.AirportActivity: android.app.AlertDialog access$402(com.ds.avare.AirportActivity,android.app.AlertDialog)
com.ds.avare.AirportActivity: android.app.AlertDialog access$400(com.ds.avare.AirportActivity)
com.ds.avare.AirportActivity: java.util.ArrayList access$500(com.ds.avare.AirportActivity)
com.ds.avare.AirportActivity: void access$600(com.ds.avare.AirportActivity,int)
com.ds.avare.AirportActivity$1
com.ds.avare.AirportActivity$1: AirportActivity$1(com.ds.avare.AirportActivity)
com.ds.avare.AirportActivity$1: void statusCallback(android.location.GpsStatus)
com.ds.avare.AirportActivity$1: void locationCallback(android.location.Location)
com.ds.avare.AirportActivity$1: void timeoutCallback(boolean)
com.ds.avare.AirportActivity$1: void enabledCallback(boolean)
com.ds.avare.AirportActivity$2
com.ds.avare.AirportActivity$2: AirportActivity$2(com.ds.avare.AirportActivity)
com.ds.avare.AirportActivity$2: void onClick(android.view.View)
com.ds.avare.AirportActivity$2$1
com.ds.avare.AirportActivity$2$1: AirportActivity$2$1(com.ds.avare.AirportActivity$2)
com.ds.avare.AirportActivity$2$1: void onClick(android.content.DialogInterface,int)
com.ds.avare.AirportActivity$3
com.ds.avare.AirportActivity$3: AirportActivity$3(com.ds.avare.AirportActivity)
com.ds.avare.AirportActivity$3: void onClick(android.view.View)
com.ds.avare.AirportActivity$3$1
com.ds.avare.AirportActivity$3$1: AirportActivity$3$1(com.ds.avare.AirportActivity$3)
com.ds.avare.AirportActivity$3$1: void onClick(android.content.DialogInterface,int)
com.ds.avare.AirportActivity$4
com.ds.avare.AirportActivity$4: AirportActivity$4(com.ds.avare.AirportActivity)
com.ds.avare.AirportActivity$4: void onClick(android.view.View)
com.ds.avare.AirportActivity$5
com.ds.avare.AirportActivity$5: AirportActivity$5(com.ds.avare.AirportActivity)
com.ds.avare.AirportActivity$5: boolean onItemLongClick(android.widget.AdapterView,android.view.View,int,long)
com.ds.avare.AirportActivity$6
com.ds.avare.AirportActivity$6: AirportActivity$6(com.ds.avare.AirportActivity)
com.ds.avare.AirportActivity$6: void onServiceConnected(android.content.ComponentName,android.os.IBinder)
com.ds.avare.AirportActivity$6: void onServiceDisconnected(android.content.ComponentName)
com.ds.avare.BuildConfig
com.ds.avare.BuildConfig: BuildConfig()
...
com.sromku.polygon.Line
com.sromku.polygon.Line: Line(com.sromku.polygon.Point,com.sromku.polygon.Point)
com.sromku.polygon.Line: boolean isInside(com.sromku.polygon.Point)
com.sromku.polygon.Line: boolean isVertical()
com.sromku.polygon.Line: float getA()
com.sromku.polygon.Line: float getB()
com.sromku.polygon.Line: com.sromku.polygon.Point getStart()
com.sromku.polygon.Line: com.sromku.polygon.Point getEnd()
com.sromku.polygon.Line: java.lang.String toString()
com.sromku.polygon.Point
com.sromku.polygon.Point: Point(float,float)
com.sromku.polygon.Point: java.lang.String toString()
com.sromku.polygon.Polygon
com.sromku.polygon.Polygon: Polygon(java.util.List,com.sromku.polygon.Polygon$BoundingBox)
com.sromku.polygon.Polygon: com.sromku.polygon.Polygon$Builder Builder()
com.sromku.polygon.Polygon: boolean contains(com.sromku.polygon.Point)
com.sromku.polygon.Polygon: java.util.List getSides()
com.sromku.polygon.Polygon: boolean intersect(com.sromku.polygon.Line,com.sromku.polygon.Line)
com.sromku.polygon.Polygon: com.sromku.polygon.Line createRay(com.sromku.polygon.Point)
com.sromku.polygon.Polygon: boolean inBoundingBox(com.sromku.polygon.Point)
com.sromku.polygon.Polygon: Polygon(java.util.List,com.sromku.polygon.Polygon$BoundingBox,com.sromku.polygon.Polygon$1)
com.sromku.polygon.Polygon$1
com.sromku.polygon.Polygon$BoundingBox
com.sromku.polygon.Polygon$BoundingBox: Polygon$BoundingBox()
com.sromku.polygon.Polygon$BoundingBox: Polygon$BoundingBox(com.sromku.polygon.Polygon$1)
com.sromku.polygon.Polygon$Builder
com.sromku.polygon.Polygon$Builder: Polygon$Builder()
com.sromku.polygon.Polygon$Builder: com.sromku.polygon.Polygon$Builder addVertex(com.sromku.polygon.Point)
com.sromku.polygon.Polygon$Builder: com.sromku.polygon.Polygon$Builder close()
com.sromku.polygon.Polygon$Builder: com.sromku.polygon.Polygon build()
com.sromku.polygon.Polygon$Builder: void updateBoundingBox(com.sromku.polygon.Point)
com.sromku.polygon.Polygon$Builder: void validate()