orlis/open_source_benchmarks/apps/com.ds.avare_230_src.tar.gz/app/build/outputs/mapping/release/mapping.txt
com.ds.avare.AirportActivity -> com.ds.avare.AirportActivity:
    com.ds.avare.StorageService mService -> a
    com.ds.avare.storage.Preferences mPref -> b
    com.ds.avare.place.Destination mDestination -> c
    android.widget.ListView mAirportView -> d
    android.widget.Toast mToast -> e
    com.ds.avare.views.AfdView mAfdView -> f
    android.widget.Button mAirportButton -> g
    android.widget.Button mViewButton -> h
    android.app.AlertDialog mViewPopup -> i
    android.app.AlertDialog mAirportPopup -> j
    java.util.ArrayList mListViews -> k
    java.util.ArrayList mListAirports -> l
    android.widget.Button mCenterButton -> m
    java.lang.String mDestString -> n
    java.lang.String mNearString -> o
    com.ds.avare.gps.GpsInterface mGpsInfc -> p
    android.content.ServiceConnection mConnection -> q
    void <init>() -> <init>
    void onBackPressed() -> onBackPressed
    void onCreate(android.os.Bundle) -> onCreate
    boolean arePopupsShowing() -> arePopupsShowing
    void setupViewInfo() -> setupViewInfo
    void addAirport(java.lang.String) -> addAirport
    void setViewFromPos(int) -> setViewFromPos
    void setNewDestinationFromPos(int) -> setNewDestinationFromPos
    void onPause() -> onPause
    void onResume() -> onResume
    void update(java.util.Observable,java.lang.Object) -> update
    java.util.ArrayList access$000(com.ds.avare.AirportActivity) -> access$000
    boolean access$100(com.ds.avare.AirportActivity) -> access$100
com.ds.avare.AirportActivity$1 -> com.ds.avare.AirportActivity$1:
    com.ds.avare.AirportActivity this$0 -> a
    void <init>(com.ds.avare.AirportActivity) -> <init>
    void statusCallback(android.location.GpsStatus) -> statusCallback
    void locationCallback(android.location.Location) -> locationCallback
    void timeoutCallback(boolean) -> timeoutCallback
    void enabledCallback(boolean) -> enabledCallback
com.ds.avare.AirportActivity$2 -> com.ds.avare.AirportActivity$2:
    com.ds.avare.AirportActivity this$0 -> a
    void <init>(com.ds.avare.AirportActivity) -> <init>
    void onClick(android.view.View) -> onClick
com.ds.avare.AirportActivity$2$1 -> com.ds.avare.AirportActivity$2$1:
    com.ds.avare.AirportActivity$2 this$1 -> a
    void <init>(com.ds.avare.AirportActivity$2) -> <init>
    void onClick(android.content.DialogInterface,int) -> onClick
com.ds.avare.AirportActivity$3 -> com.ds.avare.AirportActivity$3:
    com.ds.avare.AirportActivity this$0 -> a
    void <init>(com.ds.avare.AirportActivity) -> <init>
    void onClick(android.view.View) -> onClick
com.ds.avare.AirportActivity$3$1 -> com.ds.avare.AirportActivity$3$1:
    com.ds.avare.AirportActivity$3 this$1 -> a
    void <init>(com.ds.avare.AirportActivity$3) -> <init>
    void onClick(android.content.DialogInterface,int) -> onClick
com.ds.avare.AirportActivity$4 -> com.ds.avare.AirportActivity$4:
    com.ds.avare.AirportActivity this$0 -> a
    void <init>(com.ds.avare.AirportActivity) -> <init>
    void onClick(android.view.View) -> onClick
com.ds.avare.AirportActivity$5 -> com.ds.avare.AirportActivity$5:
    com.ds.avare.AirportActivity this$0 -> a
    void <init>(com.ds.avare.AirportActivity) -> <init>
    boolean onItemLongClick(android.widget.AdapterView,android.view.View,int,long) -> onItemLongClick
com.ds.avare.AirportActivity$6 -> com.ds.avare.AirportActivity$6:
    com.ds.avare.AirportActivity this$0 -> a
    void <init>(com.ds.avare.AirportActivity) -> <init>
    void onServiceConnected(android.content.ComponentName,android.os.IBinder) -> onServiceConnected
    void onServiceDisconnected(android.content.ComponentName) -> onServiceDisconnected
...
com.sromku.polygon.Line -> com.sromku.polygon.Line:
    com.sromku.polygon.Point _start -> a
    com.sromku.polygon.Point _end -> b
    float _a -> c
    float _b -> d
    boolean _vertical -> e
    void <init>(com.sromku.polygon.Point,com.sromku.polygon.Point) -> <init>
    boolean isInside(com.sromku.polygon.Point) -> isInside
    boolean isVertical() -> isVertical
    float getA() -> getA
    float getB() -> getB
    com.sromku.polygon.Point getStart() -> getStart
    java.lang.String toString() -> toString
com.sromku.polygon.Point -> com.sromku.polygon.Point:
    float x -> a
    float y -> b
    void <init>(float,float) -> <init>
    java.lang.String toString() -> toString
com.sromku.polygon.Polygon -> com.sromku.polygon.Polygon:
    com.sromku.polygon.Polygon$BoundingBox _boundingBox -> a
    java.util.List _sides -> b
    void <init>(java.util.List,com.sromku.polygon.Polygon$BoundingBox) -> <init>
    com.sromku.polygon.Polygon$Builder Builder() -> Builder
    boolean contains(com.sromku.polygon.Point) -> contains
    boolean intersect(com.sromku.polygon.Line,com.sromku.polygon.Line) -> intersect
    com.sromku.polygon.Line createRay(com.sromku.polygon.Point) -> createRay
    boolean inBoundingBox(com.sromku.polygon.Point) -> inBoundingBox
    void <init>(java.util.List,com.sromku.polygon.Polygon$BoundingBox,com.sromku.polygon.Polygon$1) -> <init>
com.sromku.polygon.Polygon$1 -> com.sromku.polygon.Polygon$1:
com.sromku.polygon.Polygon$BoundingBox -> com.sromku.polygon.Polygon$BoundingBox:
    float xMax -> a
    float xMin -> b
    float yMax -> c
    float yMin -> d
    void <init>() -> <init>
    void <init>(com.sromku.polygon.Polygon$1) -> <init>
com.sromku.polygon.Polygon$Builder -> com.sromku.polygon.Polygon$Builder:
    java.util.List _vertexes -> a
    java.util.List _sides -> b
    com.sromku.polygon.Polygon$BoundingBox _boundingBox -> c
    boolean _firstPoint -> d
    boolean _isClosed -> e
    void <init>() -> <init>
    com.sromku.polygon.Polygon$Builder addVertex(com.sromku.polygon.Point) -> addVertex
    com.sromku.polygon.Polygon build() -> build
    void updateBoundingBox(com.sromku.polygon.Point) -> updateBoundingBox
    void validate() -> validate