orlis/open_source_benchmarks/apps/com.ds.avare_230_src.tar.gz/app/build/outputs/mapping/release/usage.txt
com.ds.avare.BuildConfig
com.ds.avare.ChecklistActivity:
    public static final int SHOW_BUSY
    public static final int UNSHOW_BUSY
    private static final int MESSAGE
    public static final int INIT
com.ds.avare.IHelper$Stub:
    private static final java.lang.String DESCRIPTOR
    static final int TRANSACTION_sendDataText
    static final int TRANSACTION_recvDataText
    23:30:public static com.ds.avare.IHelper asInterface(android.os.IBinder)
com.ds.avare.IHelper$Stub$Proxy
com.ds.avare.MainActivity:
    float mTabHeight
    public static final int tabMain
    public static final int tabPlates
    public static final int tabAFD
    public static final int tabFind
    public static final int tabPlan
    public static final int tabWXB
    public static final int tabNear
    public static final int tabChecklist
    public static final int tabTrip
    public static final int tabTools
com.ds.avare.PlanActivity:
    public static final int SHOW_BUSY
    public static final int UNSHOW_BUSY
    public static final int ACTIVE
    public static final int INACTIVE
    public static final int MESSAGE
    public static final int INIT
com.ds.avare.PlatesActivity:
    public static final java.lang.String AD
com.ds.avare.PlatesTagActivity:
    private static final int POINTS
    private static final double MIN_SEPARATION
    private static final double MIN_SEPARATION_COORD
    private static final int MAX_DISTANCE_FROM_TOP
    private static final int MIN_DISTANCE_FROM_TOP
com.ds.avare.R
com.ds.avare.R$anim
com.ds.avare.R$array
com.ds.avare.R$attr
com.ds.avare.R$dimen
com.ds.avare.R$drawable
com.ds.avare.R$id
com.ds.avare.R$layout
com.ds.avare.R$string
com.ds.avare.R$style
com.ds.avare.R$xml
com.ds.avare.RegisterActivity:
    private static final int MAX_ATTEMPTS
    private static final int BACKOFF_MILLI_SECONDS
    353:355:public static void unregister(android.content.Context,java.lang.String)
com.ds.avare.StorageService:
    725:726:public void newPlan()
    732:733:public void newPlanFromStorage(java.lang.String,boolean)
    1109:1110:public void setChecklist(com.ds.avare.flight.Checklist)
com.ds.avare.SubmitActivity:
    private static final int MAX_ATTEMPTS
    private static final int BACKOFF_MILLI_SECONDS
    public static final java.lang.String SUBMIT
    public static final int FUEL
    public static final int RATINGS
    public static final java.lang.String FUEL_AIRPORT
    public static final java.lang.String RATINGS_AIRPORT
com.ds.avare.WeatherActivity:
    public static final int SHOW_BUSY
    public static final int UNSHOW_BUSY
    public static final int MESSAGE
com.ds.avare.adapters.ChartAdapter:
    private static final int STATE_UNCHECKED
    private static final int STATE_CHECKED
    private static final int STATE_DELETE
    static final int blocksize
    private static final int GROUP_DATABASE
    private static final int GROUP_WEATHER
    private static final int GROUP_PLATE
    private static final int GROUP_SECTIONAL
    private static final int GROUP_TAC
    private static final int GROUP_WAC
    private static final int GROUP_IFRLE
    private static final int GROUP_AFD
    private static final int GROUP_TERRAIN
    private static final int GROUP_IFRHE
    private static final int GROUP_TOPO
    private static final int GROUP_HELI
    private static final int GROUP_IFRA
    private static final int GROUP_VFRA
    private static final int GROUP_NUM
    308:316:public void setDelete(java.lang.String)
...
com.sromku.polygon.Line:
    103:103:public com.sromku.polygon.Point getEnd()
com.sromku.polygon.Polygon:
    197:197:public java.util.List getSides()
com.sromku.polygon.Polygon$Builder:
    84:90:public com.sromku.polygon.Polygon$Builder close()